[Info  - 1:33:07 PM] Using tsserver from: /private/var/folders/k6/xq7620354vv_g4vrdfv7rhnr0000gn/T/AppTranslocation/1F97F050-8A55-421B-A792-2CE9D2F7AD22/d/VS-Code.app/Contents/Resources/app/extensions/node_modules/typescript/lib
[Info  - 1:33:07 PM] Forking TSServer
[Info  - 1:33:07 PM] Started TSServer
[Error  - 2:38:40 PM] 'getApplicableRefactors' request failed with error.
Error processing request. Could not find file: '/Users/thitran/Documents/2019/shit-projects-for-react/mustikkakotiin/src/components/Steps.js'.
Error: Could not find file: '/Users/thitran/Documents/2019/shit-projects-for-react/mustikkakotiin/src/components/Steps.js'.
    at getValidSourceFile (/private/var/folders/k6/xq7620354vv_g4vrdfv7rhnr0000gn/T/AppTranslocation/1F97F050-8A55-421B-A792-2CE9D2F7AD22/d/VS-Code.app/Contents/Resources/app/extensions/node_modules/typescript/lib/tsserver.js:114541:23)
    at Object.getApplicableRefactors (/private/var/folders/k6/xq7620354vv_g4vrdfv7rhnr0000gn/T/AppTranslocation/1F97F050-8A55-421B-A792-2CE9D2F7AD22/d/VS-Code.app/Contents/Resources/app/extensions/node_modules/typescript/lib/tsserver.js:115320:24)
    at IOSession.Session.getApplicableRefactors (/private/var/folders/k6/xq7620354vv_g4vrdfv7rhnr0000gn/T/AppTranslocation/1F97F050-8A55-421B-A792-2CE9D2F7AD22/d/VS-Code.app/Contents/Resources/app/extensions/node_modules/typescript/lib/tsserver.js:122846:53)
    at Session.handlers.ts.createMapFromTemplate._a.(anonymous function) (/private/var/folders/k6/xq7620354vv_g4vrdfv7rhnr0000gn/T/AppTranslocation/1F97F050-8A55-421B-A792-2CE9D2F7AD22/d/VS-Code.app/Contents/Resources/app/extensions/node_modules/typescript/lib/tsserver.js:121771:61)
    at /private/var/folders/k6/xq7620354vv_g4vrdfv7rhnr0000gn/T/AppTranslocation/1F97F050-8A55-421B-A792-2CE9D2F7AD22/d/VS-Code.app/Contents/Resources/app/extensions/node_modules/typescript/lib/tsserver.js:123057:88
    at IOSession.Session.executeWithRequestId (/private/var/folders/k6/xq7620354vv_g4vrdfv7rhnr0000gn/T/AppTranslocation/1F97F050-8A55-421B-A792-2CE9D2F7AD22/d/VS-Code.app/Contents/Resources/app/extensions/node_modules/typescript/lib/tsserver.js:123048:28)
    at IOSession.Session.executeCommand (/private/var/folders/k6/xq7620354vv_g4vrdfv7rhnr0000gn/T/AppTranslocation/1F97F050-8A55-421B-A792-2CE9D2F7AD22/d/VS-Code.app/Contents/Resources/app/extensions/node_modules/typescript/lib/tsserver.js:123057:33)
    at IOSession.Session.onMessage (/private/var/folders/k6/xq7620354vv_g4vrdfv7rhnr0000gn/T/AppTranslocation/1F97F050-8A55-421B-A792-2CE9D2F7AD22/d/VS-Code.app/Contents/Resources/app/extensions/node_modules/typescript/lib/tsserver.js:123077:35)
    at Interface.<anonymous> (/private/var/folders/k6/xq7620354vv_g4vrdfv7rhnr0000gn/T/AppTranslocation/1F97F050-8A55-421B-A792-2CE9D2F7AD22/d/VS-Code.app/Contents/Resources/app/extensions/node_modules/typescript/lib/tsserver.js:124340:27)
    at emitOne (events.js:116:13)
    at Interface.emit (events.js:211:7)
    at Interface._onLine (readline.js:282:10)
    at Interface._normalWrite (readline.js:424:12)
    at Socket.ondata (readline.js:141:10)
    at emitOne (events.js:116:13)
    at Socket.emit (events.js:211:7)
    at addChunk (_stream_readable.js:263:12)
    at readableAddChunk (_stream_readable.js:250:11)
    at Socket.Readable.push (_stream_readable.js:208:10)
    at Pipe.onread (net.js:594:20)
[Error  - 2:38:40 PM] 'getOutliningSpans' request failed with error.
Error processing request. No Project.
Error: No Project.
    at Object.ThrowNoProject (/private/var/folders/k6/xq7620354vv_g4vrdfv7rhnr0000gn/T/AppTranslocation/1F97F050-8A55-421B-A792-2CE9D2F7AD22/d/VS-Code.app/Contents/Resources/app/extensions/node_modules/typescript/lib/tsserver.js:117318:23)
    at IOSession.Session.getFileAndLanguageServiceForSyntacticOperation (/private/var/folders/k6/xq7620354vv_g4vrdfv7rhnr0000gn/T/AppTranslocation/1F97F050-8A55-421B-A792-2CE9D2F7AD22/d/VS-Code.app/Contents/Resources/app/extensions/node_modules/typescript/lib/tsserver.js:122410:42)
    at IOSession.Session.getOutliningSpans (/private/var/folders/k6/xq7620354vv_g4vrdfv7rhnr0000gn/T/AppTranslocation/1F97F050-8A55-421B-A792-2CE9D2F7AD22/d/VS-Code.app/Contents/Resources/app/extensions/node_modules/typescript/lib/tsserver.js:122424:31)
    at Session.handlers.ts.createMapFromTemplate._a.(anonymous function) (/private/var/folders/k6/xq7620354vv_g4vrdfv7rhnr0000gn/T/AppTranslocation/1F97F050-8A55-421B-A792-2CE9D2F7AD22/d/VS-Code.app/Contents/Resources/app/extensions/node_modules/typescript/lib/tsserver.js:121587:61)
    at /private/var/folders/k6/xq7620354vv_g4vrdfv7rhnr0000gn/T/AppTranslocation/1F97F050-8A55-421B-A792-2CE9D2F7AD22/d/VS-Code.app/Contents/Resources/app/extensions/node_modules/typescript/lib/tsserver.js:123057:88
    at IOSession.Session.executeWithRequestId (/private/var/folders/k6/xq7620354vv_g4vrdfv7rhnr0000gn/T/AppTranslocation/1F97F050-8A55-421B-A792-2CE9D2F7AD22/d/VS-Code.app/Contents/Resources/app/extensions/node_modules/typescript/lib/tsserver.js:123048:28)
    at IOSession.Session.executeCommand (/private/var/folders/k6/xq7620354vv_g4vrdfv7rhnr0000gn/T/AppTranslocation/1F97F050-8A55-421B-A792-2CE9D2F7AD22/d/VS-Code.app/Contents/Resources/app/extensions/node_modules/typescript/lib/tsserver.js:123057:33)
    at IOSession.Session.onMessage (/private/var/folders/k6/xq7620354vv_g4vrdfv7rhnr0000gn/T/AppTranslocation/1F97F050-8A55-421B-A792-2CE9D2F7AD22/d/VS-Code.app/Contents/Resources/app/extensions/node_modules/typescript/lib/tsserver.js:123077:35)
    at Interface.<anonymous> (/private/var/folders/k6/xq7620354vv_g4vrdfv7rhnr0000gn/T/AppTranslocation/1F97F050-8A55-421B-A792-2CE9D2F7AD22/d/VS-Code.app/Contents/Resources/app/extensions/node_modules/typescript/lib/tsserver.js:124340:27)
    at emitOne (events.js:116:13)
    at Interface.emit (events.js:211:7)
    at Interface._onLine (readline.js:282:10)
    at Interface._normalWrite (readline.js:424:12)
    at Socket.ondata (readline.js:141:10)
    at emitOne (events.js:116:13)
    at Socket.emit (events.js:211:7)
    at addChunk (_stream_readable.js:263:12)
    at readableAddChunk (_stream_readable.js:250:11)
    at Socket.Readable.push (_stream_readable.js:208:10)
    at Pipe.onread (net.js:594:20)
[Error  - 2:38:40 PM] 'quickinfo' request failed with error.
Error processing request. No Project.
Error: No Project.
    at Object.ThrowNoProject (/private/var/folders/k6/xq7620354vv_g4vrdfv7rhnr0000gn/T/AppTranslocation/1F97F050-8A55-421B-A792-2CE9D2F7AD22/d/VS-Code.app/Contents/Resources/app/extensions/node_modules/typescript/lib/tsserver.js:117318:23)
    at ScriptInfo.getDefaultProject (/private/var/folders/k6/xq7620354vv_g4vrdfv7rhnr0000gn/T/AppTranslocation/1F97F050-8A55-421B-A792-2CE9D2F7AD22/d/VS-Code.app/Contents/Resources/app/extensions/node_modules/typescript/lib/tsserver.js:117912:46)
    at ProjectService.doEnsureDefaultProjectForFile (/private/var/folders/k6/xq7620354vv_g4vrdfv7rhnr0000gn/T/AppTranslocation/1F97F050-8A55-421B-A792-2CE9D2F7AD22/d/VS-Code.app/Contents/Resources/app/extensions/node_modules/typescript/lib/tsserver.js:119683:48)
    at ProjectService.ensureDefaultProjectForFile (/private/var/folders/k6/xq7620354vv_g4vrdfv7rhnr0000gn/T/AppTranslocation/1F97F050-8A55-421B-A792-2CE9D2F7AD22/d/VS-Code.app/Contents/Resources/app/extensions/node_modules/typescript/lib/tsserver.js:119678:75)
    at IOSession.Session.getFileAndProjectWorker (/private/var/folders/k6/xq7620354vv_g4vrdfv7rhnr0000gn/T/AppTranslocation/1F97F050-8A55-421B-A792-2CE9D2F7AD22/d/VS-Code.app/Contents/Resources/app/extensions/node_modules/typescript/lib/tsserver.js:122419:87)
    at IOSession.Session.getFileAndProject (/private/var/folders/k6/xq7620354vv_g4vrdfv7rhnr0000gn/T/AppTranslocation/1F97F050-8A55-421B-A792-2CE9D2F7AD22/d/VS-Code.app/Contents/Resources/app/extensions/node_modules/typescript/lib/tsserver.js:122404:29)
    at IOSession.Session.getQuickInfoWorker (/private/var/folders/k6/xq7620354vv_g4vrdfv7rhnr0000gn/T/AppTranslocation/1F97F050-8A55-421B-A792-2CE9D2F7AD22/d/VS-Code.app/Contents/Resources/app/extensions/node_modules/typescript/lib/tsserver.js:122478:31)
    at Session.handlers.ts.createMapFromTemplate._a.(anonymous function) (/private/var/folders/k6/xq7620354vv_g4vrdfv7rhnr0000gn/T/AppTranslocation/1F97F050-8A55-421B-A792-2CE9D2F7AD22/d/VS-Code.app/Contents/Resources/app/extensions/node_modules/typescript/lib/tsserver.js:121581:61)
    at /private/var/folders/k6/xq7620354vv_g4vrdfv7rhnr0000gn/T/AppTranslocation/1F97F050-8A55-421B-A792-2CE9D2F7AD22/d/VS-Code.app/Contents/Resources/app/extensions/node_modules/typescript/lib/tsserver.js:123057:88
    at IOSession.Session.executeWithRequestId (/private/var/folders/k6/xq7620354vv_g4vrdfv7rhnr0000gn/T/AppTranslocation/1F97F050-8A55-421B-A792-2CE9D2F7AD22/d/VS-Code.app/Contents/Resources/app/extensions/node_modules/typescript/lib/tsserver.js:123048:28)
    at IOSession.Session.executeCommand (/private/var/folders/k6/xq7620354vv_g4vrdfv7rhnr0000gn/T/AppTranslocation/1F97F050-8A55-421B-A792-2CE9D2F7AD22/d/VS-Code.app/Contents/Resources/app/extensions/node_modules/typescript/lib/tsserver.js:123057:33)
    at IOSession.Session.onMessage (/private/var/folders/k6/xq7620354vv_g4vrdfv7rhnr0000gn/T/AppTranslocation/1F97F050-8A55-421B-A792-2CE9D2F7AD22/d/VS-Code.app/Contents/Resources/app/extensions/node_modules/typescript/lib/tsserver.js:123077:35)
    at Interface.<anonymous> (/private/var/folders/k6/xq7620354vv_g4vrdfv7rhnr0000gn/T/AppTranslocation/1F97F050-8A55-421B-A792-2CE9D2F7AD22/d/VS-Code.app/Contents/Resources/app/extensions/node_modules/typescript/lib/tsserver.js:124340:27)
    at emitOne (events.js:116:13)
    at Interface.emit (events.js:211:7)
    at Interface._onLine (readline.js:282:10)
    at Interface._normalWrite (readline.js:424:12)
    at Socket.ondata (readline.js:141:10)
    at emitOne (events.js:116:13)
    at Socket.emit (events.js:211:7)
    at addChunk (_stream_readable.js:263:12)
    at readableAddChunk (_stream_readable.js:250:11)
    at Socket.Readable.push (_stream_readable.js:208:10)
    at Pipe.onread (net.js:594:20)
