Found package file:///Users/thitran/Documents/2019/shit-projects-for-react/mustikkakotiin/package.json
Found package file:///Users/thitran/Documents/2019/shit-projects-for-react/mustikkakotiin/package.json
[Error - 1:36:44 PM] WARN  Method setTraceNotification not implemented

WARN  Method setTraceNotification not implemented
[Error - 1:37:30 PM] WARN  $/cancelRequest for unknown request ID 8

WARN  $/cancelRequest for unknown request ID 8
[Error - 1:38:16 PM] WARN  $/cancelRequest for unknown request ID 30

WARN  $/cancelRequest for unknown request ID 30
[Error - 1:38:38 PM] WARN  $/cancelRequest for unknown request ID 51

WARN  $/cancelRequest for unknown request ID 51
[Error - 1:38:38 PM] WARN  $/cancelRequest for unknown request ID 54

WARN  $/cancelRequest for unknown request ID 54
[Error - 1:39:22 PM] WARN  $/cancelRequest for unknown request ID 69

WARN  $/cancelRequest for unknown request ID 69
[Error - 1:40:08 PM] WARN  $/cancelRequest for unknown request ID 91

WARN  $/cancelRequest for unknown request ID 91
[Error - 1:45:22 PM] WARN  $/cancelRequest for unknown request ID 128

WARN  $/cancelRequest for unknown request ID 128
[Error - 1:46:24 PM] WARN  $/cancelRequest for unknown request ID 151

WARN  $/cancelRequest for unknown request ID 151
[Error - 1:58:40 PM] WARN  $/cancelRequest for unknown request ID 158

WARN  $/cancelRequest for unknown request ID 158
[Error - 1:58:49 PM] WARN  $/cancelRequest for unknown request ID 166

WARN  $/cancelRequest for unknown request ID 166
[Error - 2:01:58 PM] WARN  $/cancelRequest for unknown request ID 188

WARN  $/cancelRequest for unknown request ID 188
[Error - 2:02:03 PM] WARN  $/cancelRequest for unknown request ID 194

WARN  $/cancelRequest for unknown request ID 194
[Error - 2:02:24 PM] WARN  $/cancelRequest for unknown request ID 210

WARN  $/cancelRequest for unknown request ID 210
[Error - 2:17:12 PM] WARN  $/cancelRequest for unknown request ID 222

WARN  $/cancelRequest for unknown request ID 222
[Error - 2:17:51 PM] WARN  $/cancelRequest for unknown request ID 230

WARN  $/cancelRequest for unknown request ID 230
[Error - 2:18:31 PM] WARN  $/cancelRequest for unknown request ID 237

WARN  $/cancelRequest for unknown request ID 237
[Error - 2:18:55 PM] WARN  $/cancelRequest for unknown request ID 255

WARN  $/cancelRequest for unknown request ID 255
[Error - 2:19:07 PM] WARN  $/cancelRequest for unknown request ID 273

WARN  $/cancelRequest for unknown request ID 273
[Error - 2:20:24 PM] WARN  $/cancelRequest for unknown request ID 307

WARN  $/cancelRequest for unknown request ID 307
[Error - 2:36:43 PM] WARN  $/cancelRequest for unknown request ID 369

WARN  $/cancelRequest for unknown request ID 369
[Error - 2:38:04 PM] WARN  $/cancelRequest for unknown request ID 376

WARN  $/cancelRequest for unknown request ID 376
[Error - 3:17:50 PM] WARN  $/cancelRequest for unknown request ID 406

WARN  $/cancelRequest for unknown request ID 406
[Error - 3:22:24 PM] WARN  $/cancelRequest for unknown request ID 423

WARN  $/cancelRequest for unknown request ID 423
[Error - 3:29:09 PM] WARN  $/cancelRequest for unknown request ID 426

WARN  $/cancelRequest for unknown request ID 426
[Error - 4:49:42 PM] WARN  $/cancelRequest for unknown request ID 427

WARN  $/cancelRequest for unknown request ID 427
[Error - 7:04:50 PM] WARN  $/cancelRequest for unknown request ID 434

WARN  $/cancelRequest for unknown request ID 434
[Error - 7:04:51 PM] WARN  $/cancelRequest for unknown request ID 435

WARN  $/cancelRequest for unknown request ID 435
