Looking for git in: /usr/local/bin/git
Using git 2.20.1 from /usr/local/bin/git
> git rev-parse --show-toplevel
> git config --get commit.template
Open repository: /Users/thitran/Documents/2019/shit-projects-for-react/WORKING-PROJECT-MustikkaKotiin-Website
> git status -z -u
> git symbolic-ref --short HEAD
> git rev-parse master
> git rev-parse --symbolic-full-name master@{u}
> git rev-list --left-right master...refs/remotes/origin/master
> git for-each-ref --format %(refname) %(objectname) --sort -committerdate
> git remote --verbose
> git check-ignore -z --stdin
> git show :index.html
> git check-ignore -z --stdin
> git check-ignore -z --stdin
> git check-ignore -z --stdin
> git check-ignore -z --stdin
> git check-ignore -z --stdin
> git show :Resources/Css/style.css
