[2019-04-15 07:37:00.817] [exthost] [info] extension host started
[2019-04-15 07:37:00.860] [exthost] [info] ExtensionService#_doActivateExtension vscode.debug-auto-launch {"startup":true,"activationEvent":"*"}
[2019-04-15 07:37:00.860] [exthost] [info] ExtensionService#loadCommonJSModule /private/var/folders/k6/xq7620354vv_g4vrdfv7rhnr0000gn/T/AppTranslocation/1F97F050-8A55-421B-A792-2CE9D2F7AD22/d/VS-Code.app/Contents/Resources/app/extensions/debug-auto-launch/dist/extension
[2019-04-15 07:37:00.869] [exthost] [info] ExtensionService#_doActivateExtension vscode.emmet {"startup":true,"activationEvent":"*"}
[2019-04-15 07:37:00.869] [exthost] [info] ExtensionService#loadCommonJSModule /private/var/folders/k6/xq7620354vv_g4vrdfv7rhnr0000gn/T/AppTranslocation/1F97F050-8A55-421B-A792-2CE9D2F7AD22/d/VS-Code.app/Contents/Resources/app/extensions/emmet/dist/extension
[2019-04-15 07:37:00.892] [exthost] [info] ExtensionService#_doActivateExtension vscode.git {"startup":true,"activationEvent":"*"}
[2019-04-15 07:37:00.893] [exthost] [info] ExtensionService#loadCommonJSModule /private/var/folders/k6/xq7620354vv_g4vrdfv7rhnr0000gn/T/AppTranslocation/1F97F050-8A55-421B-A792-2CE9D2F7AD22/d/VS-Code.app/Contents/Resources/app/extensions/git/dist/main
[2019-04-15 07:37:01.010] [exthost] [info] ExtensionService#_doActivateExtension vscode.merge-conflict {"startup":true,"activationEvent":"*"}
[2019-04-15 07:37:01.010] [exthost] [info] ExtensionService#loadCommonJSModule /private/var/folders/k6/xq7620354vv_g4vrdfv7rhnr0000gn/T/AppTranslocation/1F97F050-8A55-421B-A792-2CE9D2F7AD22/d/VS-Code.app/Contents/Resources/app/extensions/merge-conflict/dist/extension
[2019-04-15 07:37:01.018] [exthost] [info] ExtensionService#_doActivateExtension christian-kohler.path-intellisense {"startup":true,"activationEvent":"*"}
[2019-04-15 07:37:01.018] [exthost] [info] ExtensionService#loadCommonJSModule /Users/thitran/.vscode/extensions/christian-kohler.path-intellisense-1.4.2/out/src/extension
[2019-04-15 07:37:01.038] [exthost] [info] ExtensionService#_doActivateExtension CoenraadS.bracket-pair-colorizer {"startup":true,"activationEvent":"*"}
[2019-04-15 07:37:01.038] [exthost] [info] ExtensionService#loadCommonJSModule /Users/thitran/.vscode/extensions/coenraads.bracket-pair-colorizer-1.0.61/out/src/extension
[2019-04-15 07:37:01.073] [exthost] [info] ExtensionService#_doActivateExtension esbenp.prettier-vscode {"startup":true,"activationEvent":"*"}
[2019-04-15 07:37:01.073] [exthost] [info] ExtensionService#loadCommonJSModule /Users/thitran/.vscode/extensions/esbenp.prettier-vscode-1.8.1/out/src/extension
[2019-04-15 07:37:01.273] [exthost] [info] ExtensionService#_doActivateExtension seunghwan.smartsemicolon {"startup":true,"activationEvent":"*"}
[2019-04-15 07:37:01.273] [exthost] [info] ExtensionService#loadCommonJSModule /Users/thitran/.vscode/extensions/seunghwan.smartsemicolon-1.0.3/out/src/extension
[2019-04-15 07:37:01.278] [exthost] [info] eager extensions activated
[2019-04-15 07:37:16.655] [exthost] [info] extension host started
[2019-04-15 07:37:16.712] [exthost] [info] ExtensionService#_doActivateExtension vscode.debug-auto-launch {"startup":true,"activationEvent":"*"}
[2019-04-15 07:37:16.712] [exthost] [info] ExtensionService#loadCommonJSModule /private/var/folders/k6/xq7620354vv_g4vrdfv7rhnr0000gn/T/AppTranslocation/1F97F050-8A55-421B-A792-2CE9D2F7AD22/d/VS-Code.app/Contents/Resources/app/extensions/debug-auto-launch/dist/extension
[2019-04-15 07:37:16.720] [exthost] [info] ExtensionService#_doActivateExtension vscode.emmet {"startup":true,"activationEvent":"*"}
[2019-04-15 07:37:16.720] [exthost] [info] ExtensionService#loadCommonJSModule /private/var/folders/k6/xq7620354vv_g4vrdfv7rhnr0000gn/T/AppTranslocation/1F97F050-8A55-421B-A792-2CE9D2F7AD22/d/VS-Code.app/Contents/Resources/app/extensions/emmet/dist/extension
[2019-04-15 07:37:16.741] [exthost] [info] ExtensionService#_doActivateExtension vscode.git {"startup":true,"activationEvent":"*"}
[2019-04-15 07:37:16.741] [exthost] [info] ExtensionService#loadCommonJSModule /private/var/folders/k6/xq7620354vv_g4vrdfv7rhnr0000gn/T/AppTranslocation/1F97F050-8A55-421B-A792-2CE9D2F7AD22/d/VS-Code.app/Contents/Resources/app/extensions/git/dist/main
[2019-04-15 07:37:16.854] [exthost] [info] ExtensionService#_doActivateExtension vscode.merge-conflict {"startup":true,"activationEvent":"*"}
[2019-04-15 07:37:16.854] [exthost] [info] ExtensionService#loadCommonJSModule /private/var/folders/k6/xq7620354vv_g4vrdfv7rhnr0000gn/T/AppTranslocation/1F97F050-8A55-421B-A792-2CE9D2F7AD22/d/VS-Code.app/Contents/Resources/app/extensions/merge-conflict/dist/extension
[2019-04-15 07:37:16.862] [exthost] [info] ExtensionService#_doActivateExtension christian-kohler.path-intellisense {"startup":true,"activationEvent":"*"}
[2019-04-15 07:37:16.862] [exthost] [info] ExtensionService#loadCommonJSModule /Users/thitran/.vscode/extensions/christian-kohler.path-intellisense-1.4.2/out/src/extension
[2019-04-15 07:37:16.881] [exthost] [info] ExtensionService#_doActivateExtension CoenraadS.bracket-pair-colorizer {"startup":true,"activationEvent":"*"}
[2019-04-15 07:37:16.881] [exthost] [info] ExtensionService#loadCommonJSModule /Users/thitran/.vscode/extensions/coenraads.bracket-pair-colorizer-1.0.61/out/src/extension
[2019-04-15 07:37:16.912] [exthost] [info] ExtensionService#_doActivateExtension esbenp.prettier-vscode {"startup":true,"activationEvent":"*"}
[2019-04-15 07:37:16.912] [exthost] [info] ExtensionService#loadCommonJSModule /Users/thitran/.vscode/extensions/esbenp.prettier-vscode-1.8.1/out/src/extension
[2019-04-15 07:37:17.112] [exthost] [info] ExtensionService#_doActivateExtension seunghwan.smartsemicolon {"startup":true,"activationEvent":"*"}
[2019-04-15 07:37:17.112] [exthost] [info] ExtensionService#loadCommonJSModule /Users/thitran/.vscode/extensions/seunghwan.smartsemicolon-1.0.3/out/src/extension
[2019-04-15 07:37:17.636] [exthost] [info] eager extensions activated
[2019-04-15 07:37:20.015] [exthost] [info] ExtensionService#_doActivateExtension vscode.html-language-features {"startup":false,"activationEvent":"onLanguage:html"}
[2019-04-15 07:37:20.015] [exthost] [info] ExtensionService#loadCommonJSModule /private/var/folders/k6/xq7620354vv_g4vrdfv7rhnr0000gn/T/AppTranslocation/1F97F050-8A55-421B-A792-2CE9D2F7AD22/d/VS-Code.app/Contents/Resources/app/extensions/html-language-features/client/dist/htmlMain
[2019-04-15 07:38:35.090] [exthost] [info] ExtensionService#_doActivateExtension vscode.css-language-features {"startup":false,"activationEvent":"onLanguage:css"}
[2019-04-15 07:38:35.090] [exthost] [info] ExtensionService#loadCommonJSModule /private/var/folders/k6/xq7620354vv_g4vrdfv7rhnr0000gn/T/AppTranslocation/1F97F050-8A55-421B-A792-2CE9D2F7AD22/d/VS-Code.app/Contents/Resources/app/extensions/css-language-features/client/dist/cssMain
